nohup: ignoring input

> dashboard@0.1.0 dev
> next dev -p 3000

▲ Next.js 16.1.0 (Turbopack)
- Local:         http://localhost:3000
- Network:       http://10.0.4.196:3000

✓ Starting...
✓ Ready in 472ms
 GET / 200 in 2.7s (compile: 2.6s, render: 100ms)
 GET /projects/new 200 in 266ms (compile: 236ms, render: 30ms)
 GET /settings 404 in 247ms (compile: 203ms, render: 44ms)
 GET / 200 in 32ms (compile: 2ms, render: 29ms)
 GET /projects/new 200 in 28ms (compile: 2ms, render: 26ms)
 GET /projects/new 200 in 30ms (compile: 3ms, render: 28ms)
 GET /projects/new 200 in 31ms (compile: 2ms, render: 29ms)
 GET / 200 in 27ms (compile: 2ms, render: 24ms)
 GET /projects/new 200 in 28ms (compile: 2ms, render: 26ms)
 GET /projects/new 200 in 29ms (compile: 3ms, render: 26ms)
 GET / 200 in 25ms (compile: 2ms, render: 22ms)
 GET /projects/29315029c9e7 404 in 25ms (compile: 3ms, render: 22ms)
 GET / 200 in 23ms (compile: 1618µs, render: 22ms)
 GET /projects/new 200 in 27ms (compile: 3ms, render: 25ms)
 GET / 200 in 23ms (compile: 1565µs, render: 22ms)
 GET /projects/29315029c9e7 404 in 24ms (compile: 2ms, render: 21ms)
 GET / 200 in 25ms (compile: 3ms, render: 22ms)
 GET /projects/29315029c9e7 404 in 23ms (compile: 3ms, render: 19ms)
✓ Compiled in 13ms
 GET /projects/new 200 in 145ms (compile: 60ms, render: 85ms)
 GET /projects/new 200 in 71ms (compile: 3ms, render: 68ms)
 GET /projects/new 200 in 60ms (compile: 1846µs, render: 58ms)
 GET /projects/new 200 in 76ms (compile: 1514µs, render: 75ms)
 GET /projects/new 200 in 74ms (compile: 1541µs, render: 72ms)
 GET /projects/new 200 in 73ms (compile: 1401µs, render: 72ms)
 GET /projects/new 200 in 62ms (compile: 2ms, render: 60ms)
 GET /projects/new 200 in 45ms (compile: 1434µs, render: 43ms)
 GET /projects/new 200 in 32ms (compile: 1388µs, render: 30ms)
 GET /projects/new 200 in 20ms (compile: 1495µs, render: 19ms)
 GET /projects/29315029c9e7 200 in 641ms (compile: 588ms, render: 53ms)
 GET /projects/29315029c9e7 200 in 76ms (compile: 20ms, render: 55ms)
 GET /projects/29315029c9e7 200 in 115ms (compile: 2ms, render: 113ms)
 GET /projects/29315029c9e7 200 in 101ms (compile: 2ms, render: 99ms)
 GET /projects/29315029c9e7 200 in 85ms (compile: 1671µs, render: 83ms)
 GET /projects/29315029c9e7 200 in 115ms (compile: 16ms, render: 99ms)
 GET /projects/29315029c9e7 200 in 15ms (compile: 2ms, render: 13ms)
 GET /projects/29315029c9e7 200 in 90ms (compile: 12ms, render: 78ms)
 GET / 200 in 21ms (compile: 9ms, render: 11ms)
 GET /projects/9d270c318feb 200 in 52ms (compile: 23ms, render: 29ms)
 GET / 200 in 11ms (compile: 1744µs, render: 9ms)
 GET /projects/29315029c9e7 200 in 50ms (compile: 22ms, render: 28ms)
