nohup: ignoring input
INFO:     Will watch for changes in these directories: ['/home/faris/Documents/MyApps/supalove/control-plane/api/src']
INFO:     Uvicorn running on http://0.0.0.0:8000 (Press CTRL+C to quit)
INFO:     Started reloader process [73632] using WatchFiles
INFO:     Started server process [73635]
INFO:     Waiting for application startup.
INFO:     Application startup complete.
[Provisioning] Using Local Docker provider
INFO:     127.0.0.1:59836 - "GET /v1/projects HTTP/1.1" 200 OK
INFO:     127.0.0.1:45888 - "OPTIONS /v1/projects HTTP/1.1" 200 OK
time="2025-12-19T01:55:10+03:00" level=warning msg="/home/faris/Documents/MyApps/supalove/data-plane/templates/docker-compose.project.yml: the attribute `version` is obsolete, it will be ignored, please remove it to avoid potential confusion"
 Container project_29315029c9e7_db Recreate 
 Container project_29315029c9e7_db Recreated 
 Container project_29315029c9e7_realtime Recreate 
 Container project_29315029c9e7_rest Recreate 
 Container project_29315029c9e7_rest Recreated 
 Container project_29315029c9e7_realtime Recreated 
 Container project_9d270c318feb_db Starting 
 Container project_9d270c318feb_db Started 
 Container project_9d270c318feb_rest Starting 
 Container project_9d270c318feb_realtime Starting 
 Container project_9d270c318feb_rest Started 
 Container project_9d270c318feb_realtime Started 
[Provisioning] Setting up Auth for 9d270c318feb...
[AuthService] Created realm: project-9d270c318feb
[Provisioning] Auth setup failed (continuing with placeholders): KeycloakAdmin.get_clients() got an unexpected keyword argument 'realm_name'
[Provisioning] Setting up Storage for 9d270c318feb...
[Provisioning] Storage setup failed: HTTPConnectionPool(host='minio', port=9000): Max retries exceeded with url: /project-9d270c318feb?location= (Caused by NameResolutionError("HTTPConnection(host='minio', port=9000): Failed to resolve 'minio' ([Errno -3] Temporary failure in name resolution)"))
INFO:     127.0.0.1:45890 - "POST /v1/projects HTTP/1.1" 200 OK
INFO:     127.0.0.1:40838 - "GET /v1/projects HTTP/1.1" 200 OK
INFO:     127.0.0.1:48178 - "GET /v1/projects HTTP/1.1" 200 OK
time="2025-12-19T01:57:11+03:00" level=warning msg="/home/faris/Documents/MyApps/supalove/data-plane/templates/docker-compose.project.yml: the attribute `version` is obsolete, it will be ignored, please remove it to avoid potential confusion"
 Container project_9d270c318feb_db Recreate 
 Container project_9d270c318feb_db Recreated 
 Container project_9d270c318feb_rest Recreate 
 Container project_9d270c318feb_realtime Recreate 
 Container project_9d270c318feb_rest Recreated 
 Container project_9d270c318feb_realtime Recreated 
 Container project_055ac2d9bfa8_db Starting 
 Container project_055ac2d9bfa8_db Started 
 Container project_055ac2d9bfa8_rest Starting 
 Container project_055ac2d9bfa8_realtime Starting 
 Container project_055ac2d9bfa8_rest Started 
 Container project_055ac2d9bfa8_realtime Started 
[Provisioning] Setting up Auth for 055ac2d9bfa8...
[AuthService] Created realm: project-055ac2d9bfa8
[Provisioning] Auth setup failed (continuing with placeholders): KeycloakAdmin.get_clients() got an unexpected keyword argument 'realm_name'
[Provisioning] Setting up Storage for 055ac2d9bfa8...
[Provisioning] Storage setup failed: HTTPConnectionPool(host='minio', port=9000): Max retries exceeded with url: /project-055ac2d9bfa8?location= (Caused by NameResolutionError("HTTPConnection(host='minio', port=9000): Failed to resolve 'minio' ([Errno -3] Temporary failure in name resolution)"))
INFO:     127.0.0.1:36670 - "POST /v1/projects HTTP/1.1" 200 OK
INFO:     127.0.0.1:38930 - "GET /v1/projects HTTP/1.1" 200 OK
